<?xml version="1.0" encoding="UTF-8"?>
<!-- Generated by org.testng.reporters.JUnitReportReporter -->
<testsuite skipped="0" hostname="pranay-Latitude-E6430" name="com.hashworks.testing.SeliniumJenkins.FacebookTest" tests="1" failures="0" timestamp="07 Feb 2018 11:36:21 GMT" time="106.163" errors="0">
  <testcase name="testFacebook" time="106.163" classname="com.hashworks.testing.SeliniumJenkins.FacebookTest"/>
</testsuite> <!-- com.hashworks.testing.SeliniumJenkins.FacebookTest -->
